Start testing: Jan 21 14:48 EET
----------------------------------------------------------
1/1 Testing: tests
1/1 Test: tests
Command: "/media/vlad/Shared_w_L/NTNU/new_cXX_folder/physic_balls_V0/build/tests/tests"
Directory: /media/vlad/Shared_w_L/NTNU/new_cXX_folder/physic_balls_V0/build/tests
"tests" start time: Jan 21 14:48 EET
Output:
----------------------------------------------------------
[==========] Running 14 tests from 5 test suites.
[----------] Global test environment set-up.
[----------] 4 tests from GlobalVarTest
[ RUN      ] GlobalVarTest.GravityTest
[       OK ] GlobalVarTest.GravityTest (0 ms)
[ RUN      ] GlobalVarTest.FieldSizeTest
[       OK ] GlobalVarTest.FieldSizeTest (0 ms)
[ RUN      ] GlobalVarTest.ParticleSizeTest
[       OK ] GlobalVarTest.ParticleSizeTest (0 ms)
[ RUN      ] GlobalVarTest.GlobalVarInstance
[       OK ] GlobalVarTest.GlobalVarInstance (0 ms)
[----------] 4 tests from GlobalVarTest (0 ms total)

[----------] 5 tests from ParticleSystemTest
[ RUN      ] ParticleSystemTest.AddParticle
[       OK ] ParticleSystemTest.AddParticle (0 ms)
[ RUN      ] ParticleSystemTest.ParticlesAtDifferentLocations
[       OK ] ParticleSystemTest.ParticlesAtDifferentLocations (0 ms)
[ RUN      ] ParticleSystemTest.TouchingParticles
[       OK ] ParticleSystemTest.TouchingParticles (0 ms)
[ RUN      ] ParticleSystemTest.OverlappingParticles
[       OK ] ParticleSystemTest.OverlappingParticles (0 ms)
[ RUN      ] ParticleSystemTest.ParticlesAtBorders
WILL fail until border check is implemented
[       OK ] ParticleSystemTest.ParticlesAtBorders (15 ms)
[----------] 5 tests from ParticleSystemTest (15 ms total)

[----------] 1 test from SampleTest
[ RUN      ] SampleTest.Example
/media/vlad/Shared_w_L/NTNU/new_cXX_folder/physic_balls_V0/tests/test_main.cpp:5: Failure
Expected equality of these values:
  1 + 1
    Which is: 2
  3

[  FAILED  ] SampleTest.Example (0 ms)
[----------] 1 test from SampleTest (0 ms total)

[----------] 1 test from PhysicsTests
[ RUN      ] PhysicsTests.ApplyGravity
/media/vlad/Shared_w_L/NTNU/new_cXX_folder/physic_balls_V0/tests/test_physics.cpp:29: Failure
The difference between finalVel.y and 9.81f is 1.962000846862793, which exceeds EPSILON, where
finalVel.y evaluates to 11.772001266479492,
9.81f evaluates to 9.8100004196166992, and
EPSILON evaluates to 9.9999997473787516e-05.
Velocity.y should match gravity * deltaTime (9.81 for deltaTime=1)

[  FAILED  ] PhysicsTests.ApplyGravity (0 ms)
[----------] 1 test from PhysicsTests (0 ms total)

[----------] 3 tests from UserInteractionsTest
[ RUN      ] UserInteractionsTest.ButtonTogglesOnOff
/media/vlad/Shared_w_L/NTNU/new_cXX_folder/physic_balls_V0/tests/test_user_interractions.cpp:90: Failure
Value of: buttonsPair[0].first.pressed
  Actual: false
Expected: true
Button should be pressed after first click.

[  FAILED  ] UserInteractionsTest.ButtonTogglesOnOff (96 ms)
[ RUN      ] UserInteractionsTest.SlidebarChangesInteraction
/media/vlad/Shared_w_L/NTNU/new_cXX_folder/physic_balls_V0/tests/test_user_interractions.cpp:132: Failure
Expected equality of these values:
  userInteractions.getCurrentInteractionType()
    Which is: 4-byte object <00-00 00-00>
  InteractionType::Slider
    Which is: 4-byte object <04-00 00-00>
Current interaction type should be SlideBar after moving the slider.

/media/vlad/Shared_w_L/NTNU/new_cXX_folder/physic_balls_V0/tests/test_user_interractions.cpp:139: Failure
The difference between sliderVal and 50.0f is 49, which exceeds 1e-1, where
sliderVal evaluates to 1,
50.0f evaluates to 50, and
1e-1 evaluates to 0.10000000000000001.
Slider value is expected to be near midpoint after moving mouse to center.

[  FAILED  ] UserInteractionsTest.SlidebarChangesInteraction (26 ms)
[ RUN      ] UserInteractionsTest.RightClickBehavior
[       OK ] UserInteractionsTest.RightClickBehavior (53 ms)
[----------] 3 tests from UserInteractionsTest (177 ms total)

[----------] Global test environment tear-down
[==========] 14 tests from 5 test suites ran. (192 ms total)
[  PASSED  ] 10 tests.
[  FAILED  ] 4 tests, listed below:
[  FAILED  ] SampleTest.Example
[  FAILED  ] PhysicsTests.ApplyGravity
[  FAILED  ] UserInteractionsTest.ButtonTogglesOnOff
[  FAILED  ] UserInteractionsTest.SlidebarChangesInteraction

 4 FAILED TESTS
<end of output>
Test time =   0.21 sec
----------------------------------------------------------
Test Failed.
"tests" end time: Jan 21 14:48 EET
"tests" time elapsed: 00:00:00
----------------------------------------------------------

End testing: Jan 21 14:48 EET
