Start testing: Jan 14 17:45 EET
----------------------------------------------------------
1/1 Testing: tests
1/1 Test: tests
Command: "/media/vlad/Shared_w_L/NTNU/new_cXX_folder/physic_balls_V0/build/tests/tests"
Directory: /media/vlad/Shared_w_L/NTNU/new_cXX_folder/physic_balls_V0/build/tests
"tests" start time: Jan 14 17:45 EET
Output:
----------------------------------------------------------
[==========] Running 11 tests from 4 test suites.
[----------] Global test environment set-up.
[----------] 4 tests from GlobalVarTest
[ RUN      ] GlobalVarTest.GravityTest
[       OK ] GlobalVarTest.GravityTest (0 ms)
[ RUN      ] GlobalVarTest.FieldSizeTest
[       OK ] GlobalVarTest.FieldSizeTest (0 ms)
[ RUN      ] GlobalVarTest.ParticleSizeTest
[       OK ] GlobalVarTest.ParticleSizeTest (0 ms)
[ RUN      ] GlobalVarTest.GlobalVarInstance
[       OK ] GlobalVarTest.GlobalVarInstance (0 ms)
[----------] 4 tests from GlobalVarTest (0 ms total)

[----------] 5 tests from ParticleSystemTest
[ RUN      ] ParticleSystemTest.AddParticle
[       OK ] ParticleSystemTest.AddParticle (0 ms)
[ RUN      ] ParticleSystemTest.ParticlesAtDifferentLocations
[       OK ] ParticleSystemTest.ParticlesAtDifferentLocations (0 ms)
[ RUN      ] ParticleSystemTest.TouchingParticles
[       OK ] ParticleSystemTest.TouchingParticles (0 ms)
[ RUN      ] ParticleSystemTest.OverlappingParticles
[       OK ] ParticleSystemTest.OverlappingParticles (0 ms)
[ RUN      ] ParticleSystemTest.ParticlesAtBorders
WILL fail until border check is implemented
[       OK ] ParticleSystemTest.ParticlesAtBorders (0 ms)
[----------] 5 tests from ParticleSystemTest (0 ms total)

[----------] 1 test from SampleTest
[ RUN      ] SampleTest.Example
/media/vlad/Shared_w_L/NTNU/new_cXX_folder/physic_balls_V0/tests/test_main.cpp:5: Failure
Expected equality of these values:
  1 + 1
    Which is: 2
  3

[  FAILED  ] SampleTest.Example (0 ms)
[----------] 1 test from SampleTest (0 ms total)

[----------] 1 test from PhysicsTests
[ RUN      ] PhysicsTests.ApplyGravity
[       OK ] PhysicsTests.ApplyGravity (0 ms)
[----------] 1 test from PhysicsTests (0 ms total)

[----------] Global test environment tear-down
[==========] 11 tests from 4 test suites ran. (0 ms total)
[  PASSED  ] 10 tests.
[  FAILED  ] 1 test, listed below:
[  FAILED  ] SampleTest.Example

 1 FAILED TEST
<end of output>
Test time =   0.00 sec
----------------------------------------------------------
Test Failed.
"tests" end time: Jan 14 17:45 EET
"tests" time elapsed: 00:00:00
----------------------------------------------------------

End testing: Jan 14 17:45 EET
