Start testing: Jan 13 11:40 EET
----------------------------------------------------------
1/1 Testing: tests
1/1 Test: tests
Command: "/media/vlad/Shared_w_L/NTNU/new_cXX_folder/physic_balls_V0/build/tests/tests"
Directory: /media/vlad/Shared_w_L/NTNU/new_cXX_folder/physic_balls_V0/build/tests
"tests" start time: Jan 13 11:40 EET
Output:
----------------------------------------------------------
[==========] Running 4 tests from 2 test suites.
[----------] Global test environment set-up.
[----------] 3 tests from GlobalVarTest
[ RUN      ] GlobalVarTest.GravityTest
[       OK ] GlobalVarTest.GravityTest (0 ms)
[ RUN      ] GlobalVarTest.FieldSizeTest
[       OK ] GlobalVarTest.FieldSizeTest (0 ms)
[ RUN      ] GlobalVarTest.ParticleSizeTest
[       OK ] GlobalVarTest.ParticleSizeTest (0 ms)
[----------] 3 tests from GlobalVarTest (0 ms total)

[----------] 1 test from SampleTest
[ RUN      ] SampleTest.Example
[       OK ] SampleTest.Example (0 ms)
[----------] 1 test from SampleTest (0 ms total)

[----------] Global test environment tear-down
[==========] 4 tests from 2 test suites ran. (0 ms total)
[  PASSED  ] 4 tests.
<end of output>
Test time =   0.00 sec
----------------------------------------------------------
Test Passed.
"tests" end time: Jan 13 11:40 EET
"tests" time elapsed: 00:00:00
----------------------------------------------------------

End testing: Jan 13 11:40 EET
