<?xml version="1.0" encoding="UTF-8"?>
<Site BuildName="(empty)"
	BuildStamp="20250113-0848-Experimental"
	Name="(empty)"
	Generator="ctest-3.28.3"
	CompilerName=""
	CompilerVersion=""
	OSName="Linux"
	Hostname="vlad-IdeaPad-5-Pro-16ACH6"
	OSRelease="6.8.0-51-generic"
	OSVersion="#52-Ubuntu SMP PREEMPT_DYNAMIC Thu Dec  5 13:09:44 UTC 2024"
	OSPlatform="x86_64"
	Is64Bits="1"
	VendorString="AuthenticAMD"
	VendorID="Advanced Micro Devices"
	FamilyID="25"
	ModelID="80"
	ProcessorCacheSize="512"
	NumberOfLogicalCPU="12"
	NumberOfPhysicalCPU="6"
	TotalVirtualMemory="4095"
	TotalPhysicalMemory="13823"
	LogicalProcessorsPerPhysical="2"
	ProcessorClockFrequency="4041.13"
	>
	<Testing>
		<StartDateTime>Jan 13 11:40 EET</StartDateTime>
		<StartTestTime>1736761257</StartTestTime>
		<TestList>
			<Test>./tests/tests</Test>
		</TestList>
		<Test Status="passed">
			<Name>tests</Name>
			<Path>./tests</Path>
			<FullName>./tests/tests</FullName>
			<FullCommandLine>/media/vlad/Shared_w_L/NTNU/new_cXX_folder/physic_balls_V0/build/tests/tests</FullCommandLine>
			<Results>
				<NamedMeasurement type="numeric/double" name="Execution Time">
					<Value>0.00272166</Value>
				</NamedMeasurement>
				<NamedMeasurement type="numeric/double" name="Processors">
					<Value>1</Value>
				</NamedMeasurement>
				<NamedMeasurement type="text/string" name="Completion Status">
					<Value>Completed</Value>
				</NamedMeasurement>
				<NamedMeasurement type="text/string" name="Command Line">
					<Value>/media/vlad/Shared_w_L/NTNU/new_cXX_folder/physic_balls_V0/build/tests/tests</Value>
				</NamedMeasurement>
				<NamedMeasurement type="text/string" name="Environment">
					<Value>#CTEST_RESOURCE_GROUP_COUNT=</Value>
				</NamedMeasurement>
				<Measurement>
					<Value encoding="base64" compression="gzip">eJyNUrkOwjAM3fMVHmFoxLUyIHEMSFC1wFJ1CGBQpDRBacr19ZQGFcJR6iWJ/d7zEUf90mIIMim53EMPDKYmhZ1WCXSKB6QZz09KIq+0GCZCrZmwAJRHrpVMUOZgNF52eAN3X1Utc8X0IveRCILlDAqL3RCdaHbk5vKAWZtPq2DQaEGSNqtExxzFNuRX/CfrAGsI+0wbvhFYR/sdW8rXG5qFg1GGiSZxWW37JQUpZMlB4OeYn346Ohd3t9jP+NcCv6eqKu7X0hhk2tuqkyTR61L+XkbQTFI3U96BPwjD0fDe4YNJyQ3xbuQM====</Value>
				</Measurement>
			</Results>
		</Test>
		<EndDateTime>Jan 13 11:40 EET</EndDateTime>
		<EndTestTime>1736761257</EndTestTime>
		<ElapsedMinutes>0</ElapsedMinutes>
	</Testing>
</Site>
