<?xml version="1.0" encoding="UTF-8"?>
<Site BuildName="(empty)"
	BuildStamp="20250113-0848-Experimental"
	Name="(empty)"
	Generator="ctest-3.28.3"
	CompilerName=""
	CompilerVersion=""
	OSName="Linux"
	Hostname="vlad-IdeaPad-5-Pro-16ACH6"
	OSRelease="6.8.0-51-generic"
	OSVersion="#52-Ubuntu SMP PREEMPT_DYNAMIC Thu Dec  5 13:09:44 UTC 2024"
	OSPlatform="x86_64"
	Is64Bits="1"
	VendorString="AuthenticAMD"
	VendorID="Advanced Micro Devices"
	FamilyID="25"
	ModelID="80"
	ProcessorCacheSize="512"
	NumberOfLogicalCPU="12"
	NumberOfPhysicalCPU="6"
	TotalVirtualMemory="4095"
	TotalPhysicalMemory="13823"
	LogicalProcessorsPerPhysical="2"
	ProcessorClockFrequency="3988.06"
	>
	<Testing>
		<StartDateTime>Jan 13 19:36 EET</StartDateTime>
		<StartTestTime>1736789772</StartTestTime>
		<TestList>
			<Test>./tests/tests</Test>
		</TestList>
		<Test Status="failed">
			<Name>tests</Name>
			<Path>./tests</Path>
			<FullName>./tests/tests</FullName>
			<FullCommandLine>/media/vlad/Shared_w_L/NTNU/new_cXX_folder/physic_balls_V0/build/tests/tests</FullCommandLine>
			<Results>
				<NamedMeasurement type="text/string" name="Exit Code">
					<Value>Failed</Value>
				</NamedMeasurement>
				<NamedMeasurement type="text/string" name="Exit Value">
					<Value>1</Value>
				</NamedMeasurement>
				<NamedMeasurement type="numeric/double" name="Execution Time">
					<Value>0.00267968</Value>
				</NamedMeasurement>
				<NamedMeasurement type="numeric/double" name="Processors">
					<Value>1</Value>
				</NamedMeasurement>
				<NamedMeasurement type="text/string" name="Completion Status">
					<Value>Completed</Value>
				</NamedMeasurement>
				<NamedMeasurement type="text/string" name="Command Line">
					<Value>/media/vlad/Shared_w_L/NTNU/new_cXX_folder/physic_balls_V0/build/tests/tests</Value>
				</NamedMeasurement>
				<NamedMeasurement type="text/string" name="Environment">
					<Value>#CTEST_RESOURCE_GROUP_COUNT=</Value>
				</NamedMeasurement>
				<Measurement>
					<Value encoding="base64" compression="gzip">eJy9Vm1v2jAQ/p5fcR+JVJIwtBVQN4mpUFVDtGoorYRQZBxTrDlxZDu89NfPJDQjJA1Zpe4+5OX8PHePz/Yls++ZzeEhDkMavkAXFJFKwlLwANrJC8iY6rtlzJqZzeGG8QViKYCEayp4GJBQg4lqxtEJuH0cNWVOkZhonzGDh8cxJDbPD1k3Aq2p2h1gqd39qoJBw4FAmlVBh5Qw36Wv5FzYHLBG4HskFMWM1Il9is3C1ytaCgfFFWKmkWd9PWZleXZSkaBY7+K41ff9N29+BtXY0gKVUN5csq+u6XJJhN4zI46RojyUZxNWsutKmPAYr/Rez4KdTVtg1E11tyaCoSj6p2xlpA+U9ycXPhHSeLodjWCJKIM4VPq6SPyAVwT/BiqBBhEj+6NLfMMOiE+RvWbIt90VEsT3Nt7IHk/Gj3ZINh5+fvaWnGm+Ha12kmJPb0omvaljJ7suuXqY70Mq4slEmIWjqPftsgdDLSIWxBhsI4J1uh40Imm9EJWpbpgzZ773TAnjWB/qhmltTfihp29eAMIqRqwHzRasJTjGZ8rt1JTbKpF7lZf7H9R2a6r9cqp2VyyuYzmt7t46TvfTlV86NZW3S5Sf1tnqdg6C9REb9m9Hg+vax6S0A5/ppVVtuJV+GROmi/YTL3bfv35rsE2e872hOF6qsjxVlbj3vt2KINH0+SY0Zsf/Bu//E4BAoZXPpGdw33fdtPSdlGnlFyQVfAGM6kr6sNCLuul9YM0MQ4c6cCYDd2L8AdQO4oc=</Value>
				</Measurement>
			</Results>
		</Test>
		<EndDateTime>Jan 13 19:36 EET</EndDateTime>
		<EndTestTime>1736789772</EndTestTime>
		<ElapsedMinutes>0</ElapsedMinutes>
	</Testing>
</Site>
