<?xml version="1.0" encoding="UTF-8"?>
<Site BuildName="(empty)"
	BuildStamp="20250127-0529-Experimental"
	Name="(empty)"
	Generator="ctest-3.28.3"
	CompilerName=""
	CompilerVersion=""
	OSName="Linux"
	Hostname="vlad-IdeaPad-5-Pro-16ACH6"
	OSRelease="6.8.0-51-generic"
	OSVersion="#52-Ubuntu SMP PREEMPT_DYNAMIC Thu Dec  5 13:09:44 UTC 2024"
	OSPlatform="x86_64"
	Is64Bits="1"
	VendorString="AuthenticAMD"
	VendorID="Advanced Micro Devices"
	FamilyID="25"
	ModelID="80"
	ProcessorCacheSize="512"
	NumberOfLogicalCPU="12"
	NumberOfPhysicalCPU="6"
	TotalVirtualMemory="4095"
	TotalPhysicalMemory="13823"
	LogicalProcessorsPerPhysical="2"
	ProcessorClockFrequency="3867.63"
	>
	<Testing>
		<StartDateTime>Jan 27 19:14 EET</StartDateTime>
		<StartTestTime>1737998076</StartTestTime>
		<TestList/>
		<EndDateTime>Jan 27 19:14 EET</EndDateTime>
		<EndTestTime>1737998076</EndTestTime>
		<ElapsedMinutes>0</ElapsedMinutes>
	</Testing>
</Site>
